<?xml version="1.0" encoding="UTF-8"?>
<!-- Generated by org.testng.reporters.JUnitReportReporter -->
<testsuite skipped="0" hostname="Raja.local" name="WeatherMap.Runner" tests="8" failures="0" timestamp="18 Sep 2019 07:00:31 GMT" time="38.019" errors="0">
  <testcase name="init_browser" time="12.267" classname="WeatherMap.Runner"/>
  <testcase name="open_site" time="7.850" classname="WeatherMap.Runner"/>
  <testcase name="verify_site" time="5.113" classname="WeatherMap.Runner"/>
  <testcase name="current_location" time="6.131" classname="WeatherMap.Runner"/>
  <testcase name="search_city" time="5.906" classname="WeatherMap.Runner"/>
  <testcase name="read_curday_weather" time="0.241" classname="WeatherMap.Runner"/>
  <testcase name="read_tomorrow_weather" time="0.258" classname="WeatherMap.Runner"/>
  <testcase name="read_daftomorrow_weather" time="0.253" classname="WeatherMap.Runner"/>
</testsuite> <!-- WeatherMap.Runner -->
