<?xml version="1.0" encoding="UTF-8"?>
<!-- Generated by org.testng.reporters.JUnitReportReporter -->
<testsuite skipped="0" hostname="Raja.local" name="Steps" tests="2" failures="0" timestamp="24 Sep 2019 07:49:47 GMT" time="20.956" errors="0">
  <testcase name="open_site" time="9.526" classname="Steps"/>
  <testcase name="login_user" time="11.430" classname="Steps"/>
</testsuite> <!-- Steps -->
